2022-06-10 15:54:45.026 | Debug | Owner：TrainerForm｜Name：btnAddTask｜Type：DITWinformControlPack.Component.Button.DITButton｜Event：Click｜
2022-06-10 15:54:45.435 | Debug | Owner：TrainerForm｜Name：btnAddTask｜Type：DITWinformControlPack.Component.Button.DITButton｜Event：Click｜
2022-06-10 15:54:46.011 | Debug | Owner：TrainerForm｜Name：btnAddTask｜Type：DITWinformControlPack.Component.Button.DITButton｜Event：Click｜
2022-06-10 15:54:46.403 | Debug | Owner：TrainerForm｜Name：btnAddTask｜Type：DITWinformControlPack.Component.Button.DITButton｜Event：Click｜
2022-06-10 15:55:39.868 | Debug | Owner：LabellerForm｜Name：btn_ClassAdd｜Type：DITWinformControlPack.Component.Button.DITButton｜Event：Click｜
2022-06-10 15:55:41.759 | Debug | Owner：LabellerForm｜Name：cboZoomValue｜Type：System.Windows.Forms.ComboBox｜Event：SelectedIndexChanged｜Result：100｜
2022-06-10 15:55:41.914 | Debug | Owner：LabellerForm｜Name：trkbZoomValue｜Type：System.Windows.Forms.TrackBar｜Event：ValueChanged｜Result：33｜
2022-06-10 15:55:46.073 | Debug | Owner：LabellerForm｜Name：btn_Pen｜Type：DITWinformControlPack.Component.Button.DITButton｜Event：Click｜
2022-06-10 15:56:14.040 | Debug | Owner：LabellerForm｜Name：btn_ClassAdd｜Type：DITWinformControlPack.Component.Button.DITButton｜Event：Click｜
2022-06-10 15:57:25.551 | Debug | Owner：LabellerForm｜Name：btn_ClassAdd｜Type：DITWinformControlPack.Component.Button.DITButton｜Event：Click｜
2022-06-10 16:02:40.977 | Debug | Owner：TrainerForm｜Name：btnSetParam｜Type：DITWinformControlPack.Component.Button.DITButton｜Event：Click｜
2022-06-10 16:02:43.617 | Debug | Owner：SettingParameterForm｜Name：colorfulCheckBoxAutoSplit｜Type：MaterialSkin.Controls.MaterialSwitch｜Event：CheckedChanged｜Result：False｜
2022-06-10 16:02:44.107 | Debug | Owner：SettingParameterForm｜Name：ccbEarlyStop｜Type：MaterialSkin.Controls.MaterialSwitch｜Event：CheckedChanged｜Result：False｜
2022-06-10 16:02:44.644 | Debug | Owner：SettingParameterForm｜Name：ditccbFastMode｜Type：MaterialSkin.Controls.MaterialSwitch｜Event：CheckedChanged｜Result：True｜
2022-06-10 16:02:45.364 | Debug | Owner：SettingParameterForm｜Name：colorfulCheckBoxDataBalance｜Type：MaterialSkin.Controls.MaterialSwitch｜Event：CheckedChanged｜Result：True｜
2022-06-10 16:02:45.915 | Debug | Owner：SettingParameterForm｜Name：ccbEarlyStop｜Type：MaterialSkin.Controls.MaterialSwitch｜Event：CheckedChanged｜Result：True｜
2022-06-10 16:02:52.385 | Debug | Owner：SettingParameterForm｜Name：colorfulCheckBoxAutoSplit｜Type：MaterialSkin.Controls.MaterialSwitch｜Event：CheckedChanged｜Result：True｜
2022-06-10 16:07:00.160 | Debug | Owner：SettingParameterForm｜Name：TrackBar｜Type：System.Windows.Forms.TrackBar｜Event：ValueChanged｜Result：-18000｜
2022-06-10 16:07:00.216 | Debug | Owner：SettingParameterForm｜Name：TrackBar｜Type：System.Windows.Forms.TrackBar｜Event：ValueChanged｜Result：-18000｜
2022-06-10 16:07:00.265 | Debug | Owner：SettingParameterForm｜Name：TrackBar｜Type：System.Windows.Forms.TrackBar｜Event：ValueChanged｜Result：-18000｜
2022-06-10 16:07:00.305 | Debug | Owner：SettingParameterForm｜Name：TrackBar｜Type：System.Windows.Forms.TrackBar｜Event：ValueChanged｜Result：-18000｜
2022-06-10 16:07:00.368 | Debug | Owner：SettingParameterForm｜Name：TrackBar｜Type：System.Windows.Forms.TrackBar｜Event：ValueChanged｜Result：-18000｜
2022-06-10 16:07:01.698 | Debug | Owner：SettingParameterForm｜Name：ccbEarlyStop｜Type：MaterialSkin.Controls.MaterialSwitch｜Event：CheckedChanged｜Result：False｜
2022-06-10 16:07:02.172 | Debug | Owner：SettingParameterForm｜Name：colorfulCheckBoxDataBalance｜Type：MaterialSkin.Controls.MaterialSwitch｜Event：CheckedChanged｜Result：False｜
2022-06-10 16:08:23.180 | Debug | Owner：SettingParameterForm｜Name：colorfulCheckBoxGamma｜Type：MaterialSkin.Controls.MaterialSwitch｜Event：CheckedChanged｜Result：False｜
2022-06-10 16:08:24.975 | Debug | Owner：SettingParameterForm｜Name：colorfulCheckBoxScale｜Type：MaterialSkin.Controls.MaterialSwitch｜Event：CheckedChanged｜Result：False｜
2022-06-10 16:08:25.511 | Debug | Owner：SettingParameterForm｜Name：colorfulCheckBoxRotate｜Type：MaterialSkin.Controls.MaterialSwitch｜Event：CheckedChanged｜Result：False｜
2022-06-10 16:08:26.260 | Debug | Owner：SettingParameterForm｜Name：colorfulCheckBoxFlip｜Type：MaterialSkin.Controls.MaterialSwitch｜Event：CheckedChanged｜Result：False｜
2022-06-10 16:08:26.938 | Debug | Owner：SettingParameterForm｜Name：ditccbFastMode｜Type：MaterialSkin.Controls.MaterialSwitch｜Event：CheckedChanged｜Result：False｜
2022-06-10 16:08:27.506 | Debug | Owner：SettingParameterForm｜Name：colorfulCheckBoxAutoSplit｜Type：MaterialSkin.Controls.MaterialSwitch｜Event：CheckedChanged｜Result：False｜
2022-06-10 16:08:29.237 | Debug | Owner：SettingParameterForm｜Name：btnTrain2Val｜Type：System.Windows.Forms.Button｜Event：Click｜
2022-06-10 16:09:11.378 | Debug | Owner：SettingParameterForm｜Name：ccbEarlyStop｜Type：MaterialSkin.Controls.MaterialSwitch｜Event：CheckedChanged｜Result：True｜
2022-06-10 16:09:14.604 | Debug | Owner：SettingParameterForm｜Name：colorfulCheckBoxDataBalance｜Type：MaterialSkin.Controls.MaterialSwitch｜Event：CheckedChanged｜Result：True｜
2022-06-10 16:09:15.195 | Debug | Owner：SettingParameterForm｜Name：colorfulCheckBoxFlip｜Type：MaterialSkin.Controls.MaterialSwitch｜Event：CheckedChanged｜Result：True｜
2022-06-10 16:09:15.919 | Debug | Owner：SettingParameterForm｜Name：colorfulCheckBoxGamma｜Type：MaterialSkin.Controls.MaterialSwitch｜Event：CheckedChanged｜Result：True｜
2022-06-10 16:09:20.596 | Debug | Owner：SettingParameterForm｜Name：listBoxTrainData｜Type：System.Windows.Forms.ListView｜Event：SelectedIndexChanged｜Result：ListViewItem: {Class2_0001}｜
2022-06-10 16:09:21.190 | Debug | Owner：SettingParameterForm｜Name：listBoxTrainData｜Type：System.Windows.Forms.ListView｜Event：SelectedIndexChanged｜Result：ListViewItem: {ASUS IoT}｜
2022-06-10 16:09:22.250 | Debug | Owner：SettingParameterForm｜Name：listBoxTrainData｜Type：System.Windows.Forms.ListView｜Event：SelectedIndexChanged｜Result：ListViewItem: {Class2_0002}｜
2022-06-10 16:09:22.749 | Debug | Owner：SettingParameterForm｜Name：listBoxTrainData｜Type：System.Windows.Forms.ListView｜Event：SelectedIndexChanged｜Result：ListViewItem: {Class2_0001}｜
2022-06-10 16:09:23.145 | Debug | Owner：SettingParameterForm｜Name：listBoxTrainData｜Type：System.Windows.Forms.ListView｜Event：SelectedIndexChanged｜Result：ListViewItem: {ASUS IoT}｜
2022-06-10 16:09:27.010 | Debug | Owner：SettingParameterForm｜Name：btnTrain2Val｜Type：System.Windows.Forms.Button｜Event：Click｜
2022-06-10 16:09:27.817 | Debug | Owner：SettingParameterForm｜Name：listBoxValData｜Type：System.Windows.Forms.ListView｜Event：SelectedIndexChanged｜Result：ListViewItem: {929260}｜
2022-06-10 16:09:29.119 | Debug | Owner：SettingParameterForm｜Name：listBoxValData｜Type：System.Windows.Forms.ListView｜Event：SelectedIndexChanged｜Result：ListViewItem: {Class2_0207}｜
2022-06-10 16:09:29.523 | Debug | Owner：SettingParameterForm｜Name：listBoxValData｜Type：System.Windows.Forms.ListView｜Event：SelectedIndexChanged｜Result：ListViewItem: {Class2_0458}｜
2022-06-10 16:09:30.339 | Debug | Owner：SettingParameterForm｜Name：listBoxValData｜Type：System.Windows.Forms.ListView｜Event：SelectedIndexChanged｜Result：ListViewItem: {Class2_0734}｜
2022-06-10 16:09:31.585 | Debug | Owner：SettingParameterForm｜Name：listBoxValData｜Type：System.Windows.Forms.ListView｜Event：SelectedIndexChanged｜Result：ListViewItem: {Class2_1121}｜
2022-06-10 16:09:31.887 | Debug | Owner：SettingParameterForm｜Name：listBoxValData｜Type：System.Windows.Forms.ListView｜Event：SelectedIndexChanged｜Result：ListViewItem: {ASUS IoT}｜
2022-06-10 16:09:32.444 | Debug | Owner：SettingParameterForm｜Name：listBoxValData｜Type：System.Windows.Forms.ListView｜Event：SelectedIndexChanged｜Result：ListViewItem: {Class2_0966}｜
2022-06-10 16:09:33.495 | Debug | Owner：SettingParameterForm｜Name：btnVal2Train｜Type：System.Windows.Forms.Button｜Event：Click｜
2022-06-10 16:09:37.989 | Debug | Owner：SettingParameterForm｜Name：btnBack｜Type：DITWinformControlPack.Component.Button.DITButton｜Event：Click｜
2022-06-10 16:09:41.291 | Debug | Owner：TrainerForm｜Name：btnRemoveTask｜Type：DITWinformControlPack.Component.Button.DITButton｜Event：Click｜
2022-06-10 16:09:45.393 | Debug | Owner：VerifierForm｜Name：comboBoxDisplayClass｜Type：System.Windows.Forms.ComboBox｜Event：SelectedIndexChanged｜Result：All｜
2022-06-10 16:09:47.254 | Debug | Owner：VerifierForm｜Name：comboBoxTask｜Type：System.Windows.Forms.ComboBox｜Event：SelectedIndexChanged｜Result：Task0｜
2022-06-10 16:09:47.303 | Debug | Owner：VerifierForm｜Name：cboOptionalFilter｜Type：System.Windows.Forms.ComboBox｜Event：SelectedIndexChanged｜Result：All｜
2022-06-10 16:09:48.628 | Debug | Owner：VerifierForm｜Name：btnApply｜Type：EZAITool.Util.DITToolBox.RoundedButton｜Event：Click｜
2022-06-10 16:09:49.477 | Debug | Owner：VerifierForm｜Name：cboOptionalFilter｜Type：System.Windows.Forms.ComboBox｜Event：SelectedIndexChanged｜Result：False positive｜
2022-06-10 16:09:50.806 | Debug | Owner：VerifierForm｜Name：cboOptionalFilter｜Type：System.Windows.Forms.ComboBox｜Event：SelectedIndexChanged｜Result：False negative｜
2022-06-10 16:10:01.021 | Debug | Owner：VerifierForm｜Name：cboOptionalFilter｜Type：System.Windows.Forms.ComboBox｜Event：SelectedIndexChanged｜Result：False negative｜
2022-06-10 16:10:18.278 | Debug | Owner：VerifierForm｜Name：comboBoxDisplayClass｜Type：System.Windows.Forms.ComboBox｜Event：SelectedIndexChanged｜Result：All｜
2022-06-10 16:10:18.539 | Debug | Owner：VerifierForm｜Name：cbbVerifyClass｜Type：System.Windows.Forms.ComboBox｜Event：SelectedIndexChanged｜Result：All｜
2022-06-10 16:10:18.539 | Debug | Owner：VerifierForm｜Name：btnDefaultThres｜Type：EZAITool.Util.DITToolBox.RoundedButton｜Event：Click｜
2022-06-10 16:10:18.645 | Debug | Owner：VerifierForm｜Name：cbbVerifyClass｜Type：System.Windows.Forms.ComboBox｜Event：SelectedIndexChanged｜Result：All｜
2022-06-10 16:10:18.645 | Debug | Owner：VerifierForm｜Name：btnApply｜Type：EZAITool.Util.DITToolBox.RoundedButton｜Event：Click｜
2022-06-10 16:10:18.991 | Debug | Owner：VerifierForm｜Name：comboBoxTask｜Type：System.Windows.Forms.ComboBox｜Event：SelectedIndexChanged｜Result：Task0｜
2022-06-10 16:10:19.239 | Debug | Owner：VerifierForm｜Name：cboOptionalFilter｜Type：System.Windows.Forms.ComboBox｜Event：SelectedIndexChanged｜Result：All｜
2022-06-10 16:10:35.210 | Debug | Owner：VerifierForm｜Name：comboBoxDisplayClass｜Type：System.Windows.Forms.ComboBox｜Event：SelectedIndexChanged｜Result：All｜
2022-06-10 16:10:36.975 | Debug | Owner：VerifierForm｜Name：comboBoxTask｜Type：System.Windows.Forms.ComboBox｜Event：SelectedIndexChanged｜Result：Task0｜
2022-06-10 16:10:37.003 | Debug | Owner：VerifierForm｜Name：cboOptionalFilter｜Type：System.Windows.Forms.ComboBox｜Event：SelectedIndexChanged｜Result：All｜
2022-06-10 16:10:42.962 | Debug | Owner：VerifierForm｜Name：cboOptionalFilter｜Type：System.Windows.Forms.ComboBox｜Event：SelectedIndexChanged｜Result：All｜
2022-06-10 16:10:42.996 | Debug | Owner：VerifierForm｜Name：cboOptionalFilter｜Type：System.Windows.Forms.ComboBox｜Event：SelectedIndexChanged｜Result：All｜
2022-06-10 16:11:33.615 | Debug | Owner：VerifierForm｜Name：cboOptionalFilter｜Type：System.Windows.Forms.ComboBox｜Event：SelectedIndexChanged｜Result：False positive｜
2022-06-10 16:11:43.759 | Debug | Owner：VerifierForm｜Name：cboOptionalFilter｜Type：System.Windows.Forms.ComboBox｜Event：SelectedIndexChanged｜Result：All｜
2022-06-10 16:11:44.828 | Debug | Owner：VerifierForm｜Name：cboOptionalFilter｜Type：System.Windows.Forms.ComboBox｜Event：SelectedIndexChanged｜Result：Matched｜
2022-06-10 16:11:46.067 | Debug | Owner：VerifierForm｜Name：cboOptionalFilter｜Type：System.Windows.Forms.ComboBox｜Event：SelectedIndexChanged｜Result：False positive｜
2022-06-10 16:11:47.719 | Debug | Owner：VerifierForm｜Name：cboOptionalFilter｜Type：System.Windows.Forms.ComboBox｜Event：SelectedIndexChanged｜Result：False negative｜
2022-06-10 16:11:49.617 | Debug | Owner：VerifierForm｜Name：cboOptionalFilter｜Type：System.Windows.Forms.ComboBox｜Event：SelectedIndexChanged｜Result：False positive｜
2022-06-10 16:11:50.992 | Debug | Owner：VerifierForm｜Name：cboOptionalFilter｜Type：System.Windows.Forms.ComboBox｜Event：SelectedIndexChanged｜Result：All｜
2022-06-10 16:14:04.138 | Debug | Owner：LabellerForm｜Name：btn_ClassRm｜Type：DITWinformControlPack.Component.Button.DITButton｜Event：Click｜
2022-06-10 16:14:11.424 | Debug | Owner：LabellerForm｜Name：btn_ClassRm｜Type：DITWinformControlPack.Component.Button.DITButton｜Event：Click｜
2022-06-10 16:14:17.243 | Debug | Owner：LabellerForm｜Name：btn_ClassRm｜Type：DITWinformControlPack.Component.Button.DITButton｜Event：Click｜
2022-06-10 16:22:25.348 | Debug | Owner：TrainerForm｜Name：btnRemoveTask｜Type：DITWinformControlPack.Component.Button.DITButton｜Event：Click｜
2022-06-10 16:22:27.330 | Debug | Owner：TrainerForm｜Name：btnRemoveTask｜Type：DITWinformControlPack.Component.Button.DITButton｜Event：Click｜
2022-06-10 16:22:29.532 | Debug | Owner：TrainerForm｜Name：btnRemoveTask｜Type：DITWinformControlPack.Component.Button.DITButton｜Event：Click｜
2022-06-10 16:24:41.006 | Debug | Owner：LabellerForm｜Name：btn_Previous｜Type：System.Windows.Forms.Button｜Event：Click｜
2022-06-10 16:24:41.938 | Debug | Owner：LabellerForm｜Name：cboZoomValue｜Type：System.Windows.Forms.ComboBox｜Event：SelectedIndexChanged｜Result：100｜
2022-06-10 16:28:51.910 | Debug | Owner：VerifierForm｜Name：comboBoxDisplayClass｜Type：System.Windows.Forms.ComboBox｜Event：SelectedIndexChanged｜Result：All｜
2022-06-10 16:31:48.353 | Debug | Owner：VerifierForm｜Name：cbbVerifyClass｜Type：System.Windows.Forms.ComboBox｜Event：SelectedIndexChanged｜Result：All｜
2022-06-10 16:31:49.455 | Debug | Owner：VerifierForm｜Name：comboBoxTask｜Type：System.Windows.Forms.ComboBox｜Event：SelectedIndexChanged｜Result：Task0｜
2022-06-10 16:31:49.594 | Debug | Owner：VerifierForm｜Name：cboOptionalFilter｜Type：System.Windows.Forms.ComboBox｜Event：SelectedIndexChanged｜Result：All｜
2022-06-10 16:34:07.644 | Debug | Owner：VerifierForm｜Name：comboBoxDisplayClass｜Type：System.Windows.Forms.ComboBox｜Event：SelectedIndexChanged｜Result：All｜
2022-06-10 16:34:11.199 | Debug | Owner：VerifierForm｜Name：cboOptionalFilter｜Type：System.Windows.Forms.ComboBox｜Event：SelectedIndexChanged｜Result：All｜
2022-06-10 16:34:51.049 | Debug | Owner：VerifierForm｜Name：comboBoxDisplayClass｜Type：System.Windows.Forms.ComboBox｜Event：SelectedIndexChanged｜Result：All｜
2022-06-10 16:34:51.373 | Debug | Owner：VerifierForm｜Name：cbbVerifyClass｜Type：System.Windows.Forms.ComboBox｜Event：SelectedIndexChanged｜Result：All｜
2022-06-10 16:34:51.376 | Debug | Owner：VerifierForm｜Name：btnDefaultThres｜Type：EZAITool.Util.DITToolBox.RoundedButton｜Event：Click｜
2022-06-10 16:34:51.429 | Debug | Owner：VerifierForm｜Name：cbbVerifyClass｜Type：System.Windows.Forms.ComboBox｜Event：SelectedIndexChanged｜Result：All｜
2022-06-10 16:34:51.429 | Debug | Owner：VerifierForm｜Name：btnApply｜Type：EZAITool.Util.DITToolBox.RoundedButton｜Event：Click｜
2022-06-10 16:34:51.673 | Debug | Owner：VerifierForm｜Name：comboBoxTask｜Type：System.Windows.Forms.ComboBox｜Event：SelectedIndexChanged｜Result：Task0｜
2022-06-10 16:34:51.709 | Debug | Owner：VerifierForm｜Name：cboOptionalFilter｜Type：System.Windows.Forms.ComboBox｜Event：SelectedIndexChanged｜Result：All｜
2022-06-10 16:34:54.070 | Debug | Owner：VerifierForm｜Name：comboBoxDisplayClass｜Type：System.Windows.Forms.ComboBox｜Event：SelectedIndexChanged｜Result：All｜
2022-06-10 16:34:54.407 | Debug | Owner：VerifierForm｜Name：cboOptionalFilter｜Type：System.Windows.Forms.ComboBox｜Event：SelectedIndexChanged｜Result：All｜
2022-06-10 16:34:56.677 | Debug | Owner：VerifierForm｜Name：btnExportXaiData｜Type：System.Windows.Forms.Button｜Event：Click｜
2022-06-10 16:34:57.364 | Debug | Owner：VerifierForm｜Name：btnExportXaiData｜Type：System.Windows.Forms.Button｜Event：Click｜
2022-06-10 16:34:57.556 | Debug | Owner：VerifierForm｜Name：btnExportXaiData｜Type：System.Windows.Forms.Button｜Event：Click｜
2022-06-10 16:35:04.370 | Debug | Owner：VerifierForm｜Name：btnExportCompareData｜Type：System.Windows.Forms.Button｜Event：Click｜
2022-06-10 16:35:20.982 | Debug | Owner：VerifierForm｜Name：btnExportCompareData｜Type：System.Windows.Forms.Button｜Event：Click｜
2022-06-10 16:40:40.957 | Debug | Owner：VerifierForm｜Name：cboOptionalFilter｜Type：System.Windows.Forms.ComboBox｜Event：SelectedIndexChanged｜Result：Mismatched｜
2022-06-10 16:40:42.322 | Debug | Owner：VerifierForm｜Name：cboOptionalFilter｜Type：System.Windows.Forms.ComboBox｜Event：SelectedIndexChanged｜Result：Matched｜
2022-06-10 16:40:56.949 | Debug | Owner：VerifierForm｜Name：comboBoxDisplayClass｜Type：System.Windows.Forms.ComboBox｜Event：SelectedIndexChanged｜Result：All｜
2022-06-10 16:40:58.362 | Debug | Owner：VerifierForm｜Name：cbbVerifyClass｜Type：System.Windows.Forms.ComboBox｜Event：SelectedIndexChanged｜Result：All｜
2022-06-10 16:40:58.362 | Debug | Owner：VerifierForm｜Name：btnDefaultThres｜Type：EZAITool.Util.DITToolBox.RoundedButton｜Event：Click｜
2022-06-10 16:40:58.397 | Debug | Owner：VerifierForm｜Name：cbbVerifyClass｜Type：System.Windows.Forms.ComboBox｜Event：SelectedIndexChanged｜Result：All｜
2022-06-10 16:40:58.397 | Debug | Owner：VerifierForm｜Name：btnApply｜Type：EZAITool.Util.DITToolBox.RoundedButton｜Event：Click｜
2022-06-10 16:41:00.092 | Debug | Owner：VerifierForm｜Name：comboBoxTask｜Type：System.Windows.Forms.ComboBox｜Event：SelectedIndexChanged｜Result：Task0｜
2022-06-10 16:41:00.149 | Debug | Owner：VerifierForm｜Name：cboOptionalFilter｜Type：System.Windows.Forms.ComboBox｜Event：SelectedIndexChanged｜Result：All｜
2022-06-10 16:43:03.520 | Debug | Owner：VerifierForm｜Name：comboBoxDisplayClass｜Type：System.Windows.Forms.ComboBox｜Event：SelectedIndexChanged｜Result：All｜
2022-06-10 16:43:05.178 | Debug | Owner：VerifierForm｜Name：cboOptionalFilter｜Type：System.Windows.Forms.ComboBox｜Event：SelectedIndexChanged｜Result：All｜
2022-06-10 16:45:21.342 | Debug | Owner：LabellerForm｜Name：cboZoomValue｜Type：System.Windows.Forms.ComboBox｜Event：SelectedIndexChanged｜Result：100｜
2022-06-10 16:47:48.486 | Debug | Owner：VerifierForm｜Name：comboBoxDisplayClass｜Type：System.Windows.Forms.ComboBox｜Event：SelectedIndexChanged｜Result：All｜
2022-06-10 16:47:50.046 | Debug | Owner：VerifierForm｜Name：cboOptionalFilter｜Type：System.Windows.Forms.ComboBox｜Event：SelectedIndexChanged｜Result：All｜
2022-06-10 16:48:31.548 | Debug | Owner：VerifierForm｜Name：comboBoxDisplayClass｜Type：System.Windows.Forms.ComboBox｜Event：SelectedIndexChanged｜Result：All｜
2022-06-10 16:48:31.864 | Debug | Owner：VerifierForm｜Name：cbbVerifyClass｜Type：System.Windows.Forms.ComboBox｜Event：SelectedIndexChanged｜Result：All｜
2022-06-10 16:48:31.864 | Debug | Owner：VerifierForm｜Name：btnDefaultThres｜Type：EZAITool.Util.DITToolBox.RoundedButton｜Event：Click｜
2022-06-10 16:48:31.920 | Debug | Owner：VerifierForm｜Name：cbbVerifyClass｜Type：System.Windows.Forms.ComboBox｜Event：SelectedIndexChanged｜Result：All｜
2022-06-10 16:48:31.923 | Debug | Owner：VerifierForm｜Name：btnApply｜Type：EZAITool.Util.DITToolBox.RoundedButton｜Event：Click｜
2022-06-10 16:48:32.126 | Debug | Owner：VerifierForm｜Name：comboBoxTask｜Type：System.Windows.Forms.ComboBox｜Event：SelectedIndexChanged｜Result：Task0｜
2022-06-10 16:48:32.161 | Debug | Owner：VerifierForm｜Name：cboOptionalFilter｜Type：System.Windows.Forms.ComboBox｜Event：SelectedIndexChanged｜Result：All｜
2022-06-10 16:49:34.038 | Debug | Owner：VerifierForm｜Name：comboBoxDisplayClass｜Type：System.Windows.Forms.ComboBox｜Event：SelectedIndexChanged｜Result：All｜
2022-06-10 16:49:34.333 | Debug | Owner：VerifierForm｜Name：cbbVerifyClass｜Type：System.Windows.Forms.ComboBox｜Event：SelectedIndexChanged｜Result：All｜
2022-06-10 16:49:34.333 | Debug | Owner：VerifierForm｜Name：btnDefaultThres｜Type：EZAITool.Util.DITToolBox.RoundedButton｜Event：Click｜
2022-06-10 16:49:34.381 | Debug | Owner：VerifierForm｜Name：cbbVerifyClass｜Type：System.Windows.Forms.ComboBox｜Event：SelectedIndexChanged｜Result：All｜
2022-06-10 16:49:34.381 | Debug | Owner：VerifierForm｜Name：btnApply｜Type：EZAITool.Util.DITToolBox.RoundedButton｜Event：Click｜
2022-06-10 16:49:34.629 | Debug | Owner：VerifierForm｜Name：comboBoxTask｜Type：System.Windows.Forms.ComboBox｜Event：SelectedIndexChanged｜Result：Task0｜
2022-06-10 16:49:34.651 | Debug | Owner：VerifierForm｜Name：cboOptionalFilter｜Type：System.Windows.Forms.ComboBox｜Event：SelectedIndexChanged｜Result：All｜
2022-06-10 16:49:40.552 | Debug | Owner：LabellerForm｜Name：btn_AutoLabelMultiple｜Type：DITWinformControlPack.Component.Button.DITButton｜Event：Click｜
2022-06-10 16:49:41.876 | Debug | Owner：LabellerForm｜Name：cboZoomValue｜Type：System.Windows.Forms.ComboBox｜Event：SelectedIndexChanged｜Result：100｜
2022-06-10 16:49:49.405 | Debug | Owner：LabellerForm｜Name：btn_AutoLabelMultiple｜Type：DITWinformControlPack.Component.Button.DITButton｜Event：Click｜
2022-06-10 16:49:51.196 | Debug | Owner：LabellerForm｜Name：ckBox_AutoSave｜Type：DITWinformControlPack.Component.Button.DITButton｜Event：Click｜
2022-06-10 16:51:29.135 | Debug | Owner：VerifierForm｜Name：comboBoxDisplayClass｜Type：System.Windows.Forms.ComboBox｜Event：SelectedIndexChanged｜Result：OK｜
2022-06-10 16:51:29.351 | Debug | Owner：VerifierForm｜Name：cbbVerifyClass｜Type：System.Windows.Forms.ComboBox｜Event：SelectedIndexChanged｜Result：OK｜
2022-06-10 16:51:29.411 | Debug | Owner：VerifierForm｜Name：btnDefaultThres｜Type：EZAITool.Util.DITToolBox.RoundedButton｜Event：Click｜
2022-06-10 16:51:29.438 | Debug | Owner：VerifierForm｜Name：cbbVerifyClass｜Type：System.Windows.Forms.ComboBox｜Event：SelectedIndexChanged｜Result：OK｜
2022-06-10 16:51:29.438 | Debug | Owner：VerifierForm｜Name：btnApply｜Type：EZAITool.Util.DITToolBox.RoundedButton｜Event：Click｜
2022-06-10 16:51:30.252 | Debug | Owner：VerifierForm｜Name：comboBoxTask｜Type：System.Windows.Forms.ComboBox｜Event：SelectedIndexChanged｜Result：Task0｜
2022-06-10 16:51:30.287 | Debug | Owner：VerifierForm｜Name：cboOptionalFilter｜Type：System.Windows.Forms.ComboBox｜Event：SelectedIndexChanged｜Result：All｜
2022-06-10 16:51:52.408 | Debug | Owner：VerifierForm｜Name：comboBoxDisplayClass｜Type：System.Windows.Forms.ComboBox｜Event：SelectedIndexChanged｜Result：OK｜
2022-06-10 16:51:52.646 | Debug | Owner：VerifierForm｜Name：cboOptionalFilter｜Type：System.Windows.Forms.ComboBox｜Event：SelectedIndexChanged｜Result：All｜
2022-06-10 16:54:47.146 | Debug | Owner：VerifierForm｜Name：cboOptionalFilter｜Type：System.Windows.Forms.ComboBox｜Event：SelectedIndexChanged｜Result：Matched｜
2022-06-10 16:55:00.134 | Debug | Owner：VerifierForm｜Name：cboOptionalFilter｜Type：System.Windows.Forms.ComboBox｜Event：SelectedIndexChanged｜Result：Mismatched｜
2022-06-10 16:55:02.281 | Debug | Owner：VerifierForm｜Name：chkSelected｜Type：System.Windows.Forms.CheckBox｜Event：CheckedChanged｜Result：False｜
2022-06-10 16:55:02.907 | Debug | Owner：VerifierForm｜Name：chkSelected｜Type：System.Windows.Forms.CheckBox｜Event：CheckedChanged｜Result：False｜
2022-06-10 16:55:04.385 | Debug | Owner：VerifierForm｜Name：cboOptionalFilter｜Type：System.Windows.Forms.ComboBox｜Event：SelectedIndexChanged｜Result：All｜
2022-06-10 16:55:05.114 | Debug | Owner：VerifierForm｜Name：chkSelected｜Type：System.Windows.Forms.CheckBox｜Event：CheckedChanged｜Result：True｜
2022-06-10 16:55:05.762 | Debug | Owner：VerifierForm｜Name：chkSelected｜Type：System.Windows.Forms.CheckBox｜Event：CheckedChanged｜Result：True｜
2022-06-10 16:56:29.197 | Debug | Owner：VerifierForm｜Name：comboBoxDisplayClass｜Type：System.Windows.Forms.ComboBox｜Event：SelectedIndexChanged｜Result：OK｜
2022-06-10 16:56:29.423 | Debug | Owner：VerifierForm｜Name：cboOptionalFilter｜Type：System.Windows.Forms.ComboBox｜Event：SelectedIndexChanged｜Result：All｜
2022-06-10 16:56:32.597 | Debug | Owner：VerifierForm｜Name：cboOptionalFilter｜Type：System.Windows.Forms.ComboBox｜Event：SelectedIndexChanged｜Result：Mismatched｜
2022-06-10 16:57:55.150 | Debug | Owner：VerifierForm｜Name：btnExportONNX｜Type：DITWinformControlPack.Component.Button.DITButton｜Event：Click｜
2022-06-10 16:58:50.838 | Debug | Owner：PredictorForm｜Name：cbbVerifyClass｜Type：System.Windows.Forms.ComboBox｜Event：SelectedIndexChanged｜Result：All｜
2022-06-10 16:58:50.914 | Debug | Owner：PredictorForm｜Name：btnDefaultThres｜Type：EZAITool.Util.DITToolBox.RoundedButton｜Event：Click｜
2022-06-10 16:58:50.963 | Debug | Owner：PredictorForm｜Name：cbbVerifyClass｜Type：System.Windows.Forms.ComboBox｜Event：SelectedIndexChanged｜Result：All｜
2022-06-10 16:58:51.012 | Debug | Owner：PredictorForm｜Name：btnApply｜Type：EZAITool.Util.DITToolBox.RoundedButton｜Event：Click｜
2022-06-10 16:58:51.096 | Debug | Owner：PredictorForm｜Name：btnLoadModel｜Type：DITWinformControlPack.Component.Button.DITButton｜Event：Click｜
2022-06-10 16:59:00.638 | Debug | Owner：PredictorForm｜Name：btnLoadImages｜Type：DITWinformControlPack.Component.Button.DITButton｜Event：Click｜
2022-06-10 16:59:02.634 | Debug | Owner：PredictorForm｜Name：btnRun｜Type：EZAITool.Util.DITToolBox.RoundedButton｜Event：Click｜
2022-06-10 16:59:43.103 | Debug | Owner：PredictorForm｜Name：btnRun｜Type：EZAITool.Util.DITToolBox.RoundedButton｜Event：Click｜
2022-06-10 17:01:19.765 | Debug | Owner：PredictorForm｜Name：cboZoomValue｜Type：System.Windows.Forms.ComboBox｜Event：SelectedIndexChanged｜Result：100｜
2022-06-10 17:01:19.795 | Debug | Owner：PredictorForm｜Name：trkbZoomValue｜Type：System.Windows.Forms.TrackBar｜Event：ValueChanged｜Result：33｜
2022-06-10 17:03:30.639 | Debug | Owner：PredictorForm｜Name：cboZoomValue｜Type：System.Windows.Forms.ComboBox｜Event：SelectedIndexChanged｜Result：80｜
2022-06-10 17:03:30.825 | Debug | Owner：PredictorForm｜Name：trkbZoomValue｜Type：System.Windows.Forms.TrackBar｜Event：ValueChanged｜Result：27｜
2022-06-10 17:03:33.556 | Debug | Owner：VerifierForm｜Name：comboBoxDisplayClass｜Type：System.Windows.Forms.ComboBox｜Event：SelectedIndexChanged｜Result：OK｜
2022-06-10 17:03:33.870 | Debug | Owner：VerifierForm｜Name：cboOptionalFilter｜Type：System.Windows.Forms.ComboBox｜Event：SelectedIndexChanged｜Result：All｜
2022-06-10 17:04:43.137 | Debug | Owner：VerifierForm｜Name：comboBoxDisplayClass｜Type：System.Windows.Forms.ComboBox｜Event：SelectedIndexChanged｜Result：All｜
2022-06-10 17:04:43.700 | Debug | Owner：VerifierForm｜Name：cbbVerifyClass｜Type：System.Windows.Forms.ComboBox｜Event：SelectedIndexChanged｜Result：All｜
2022-06-10 17:04:43.706 | Debug | Owner：VerifierForm｜Name：btnDefaultThres｜Type：EZAITool.Util.DITToolBox.RoundedButton｜Event：Click｜
2022-06-10 17:04:43.745 | Debug | Owner：VerifierForm｜Name：cbbVerifyClass｜Type：System.Windows.Forms.ComboBox｜Event：SelectedIndexChanged｜Result：All｜
2022-06-10 17:04:43.745 | Debug | Owner：VerifierForm｜Name：btnApply｜Type：EZAITool.Util.DITToolBox.RoundedButton｜Event：Click｜
2022-06-10 17:04:44.096 | Debug | Owner：VerifierForm｜Name：comboBoxTask｜Type：System.Windows.Forms.ComboBox｜Event：SelectedIndexChanged｜Result：Task0｜
2022-06-10 17:04:44.132 | Debug | Owner：VerifierForm｜Name：cboOptionalFilter｜Type：System.Windows.Forms.ComboBox｜Event：SelectedIndexChanged｜Result：All｜
2022-06-10 17:05:04.111 | Debug | Owner：VerifierForm｜Name：comboBoxDisplayClass｜Type：System.Windows.Forms.ComboBox｜Event：SelectedIndexChanged｜Result：OK｜
2022-06-10 17:05:04.332 | Debug | Owner：VerifierForm｜Name：cbbVerifyClass｜Type：System.Windows.Forms.ComboBox｜Event：SelectedIndexChanged｜Result：OK｜
2022-06-10 17:05:04.386 | Debug | Owner：VerifierForm｜Name：btnDefaultThres｜Type：EZAITool.Util.DITToolBox.RoundedButton｜Event：Click｜
2022-06-10 17:05:04.416 | Debug | Owner：VerifierForm｜Name：cbbVerifyClass｜Type：System.Windows.Forms.ComboBox｜Event：SelectedIndexChanged｜Result：OK｜
2022-06-10 17:05:04.416 | Debug | Owner：VerifierForm｜Name：btnApply｜Type：EZAITool.Util.DITToolBox.RoundedButton｜Event：Click｜
2022-06-10 17:05:05.242 | Debug | Owner：VerifierForm｜Name：comboBoxTask｜Type：System.Windows.Forms.ComboBox｜Event：SelectedIndexChanged｜Result：Task0｜
2022-06-10 17:05:05.263 | Debug | Owner：VerifierForm｜Name：cboOptionalFilter｜Type：System.Windows.Forms.ComboBox｜Event：SelectedIndexChanged｜Result：All｜
2022-06-10 17:05:15.062 | Debug | Owner：VerifierForm｜Name：btnApply｜Type：EZAITool.Util.DITToolBox.RoundedButton｜Event：Click｜
2022-06-10 17:07:33.725 | Debug | Owner：VerifierForm｜Name：btnApply｜Type：EZAITool.Util.DITToolBox.RoundedButton｜Event：Click｜
2022-06-10 17:07:38.654 | Debug | Owner：VerifierForm｜Name：btnApply｜Type：EZAITool.Util.DITToolBox.RoundedButton｜Event：Click｜
2022-06-10 17:08:01.576 | Debug | Owner：VerifierForm｜Name：btnApply｜Type：EZAITool.Util.DITToolBox.RoundedButton｜Event：Click｜
2022-06-10 17:08:06.690 | Debug | Owner：VerifierForm｜Name：btnDefaultThres｜Type：EZAITool.Util.DITToolBox.RoundedButton｜Event：Click｜
2022-06-10 17:08:06.772 | Debug | Owner：VerifierForm｜Name：cbbVerifyClass｜Type：System.Windows.Forms.ComboBox｜Event：SelectedIndexChanged｜Result：OK｜
2022-06-10 17:08:06.799 | Debug | Owner：VerifierForm｜Name：btnApply｜Type：EZAITool.Util.DITToolBox.RoundedButton｜Event：Click｜
2022-06-10 17:08:12.509 | Debug | Owner：VerifierForm｜Name：btnApply｜Type：EZAITool.Util.DITToolBox.RoundedButton｜Event：Click｜
2022-06-10 17:08:16.124 | Debug | Owner：VerifierForm｜Name：btnApply｜Type：EZAITool.Util.DITToolBox.RoundedButton｜Event：Click｜
2022-06-10 17:08:20.963 | Debug | Owner：VerifierForm｜Name：btnApply｜Type：EZAITool.Util.DITToolBox.RoundedButton｜Event：Click｜
2022-06-10 17:08:35.361 | Debug | Owner：PredictorForm｜Name：cboZoomValue｜Type：System.Windows.Forms.ComboBox｜Event：SelectedIndexChanged｜Result：125｜
2022-06-10 17:08:35.361 | Debug | Owner：PredictorForm｜Name：trkbZoomValue｜Type：System.Windows.Forms.TrackBar｜Event：ValueChanged｜Result：36｜
2022-06-10 17:08:46.757 | Debug | Owner：PredictorForm｜Name：btnApply｜Type：EZAITool.Util.DITToolBox.RoundedButton｜Event：Click｜
2022-06-10 17:08:54.853 | Debug | Owner：PredictorForm｜Name：btnApply｜Type：EZAITool.Util.DITToolBox.RoundedButton｜Event：Click｜
2022-06-10 17:09:04.844 | Debug | Owner：PredictorForm｜Name：btnApply｜Type：EZAITool.Util.DITToolBox.RoundedButton｜Event：Click｜
2022-06-10 17:09:12.507 | Debug | Owner：PredictorForm｜Name：trkbZoomValue｜Type：System.Windows.Forms.TrackBar｜Event：ValueChanged｜Result：37｜
2022-06-10 17:09:12.516 | Debug | Owner：PredictorForm｜Name：trkbZoomValue｜Type：System.Windows.Forms.TrackBar｜Event：ValueChanged｜Result：38｜
2022-06-10 17:09:12.516 | Debug | Owner：PredictorForm｜Name：trkbZoomValue｜Type：System.Windows.Forms.TrackBar｜Event：ValueChanged｜Result：39｜
2022-06-10 17:09:12.531 | Debug | Owner：PredictorForm｜Name：trkbZoomValue｜Type：System.Windows.Forms.TrackBar｜Event：ValueChanged｜Result：40｜
2022-06-10 17:09:12.550 | Debug | Owner：PredictorForm｜Name：trkbZoomValue｜Type：System.Windows.Forms.TrackBar｜Event：ValueChanged｜Result：41｜
2022-06-10 17:09:12.667 | Debug | Owner：PredictorForm｜Name：trkbZoomValue｜Type：System.Windows.Forms.TrackBar｜Event：ValueChanged｜Result：42｜
2022-06-10 17:09:12.683 | Debug | Owner：PredictorForm｜Name：trkbZoomValue｜Type：System.Windows.Forms.TrackBar｜Event：ValueChanged｜Result：43｜
2022-06-10 17:09:12.699 | Debug | Owner：PredictorForm｜Name：trkbZoomValue｜Type：System.Windows.Forms.TrackBar｜Event：ValueChanged｜Result：44｜
2022-06-10 17:09:12.771 | Debug | Owner：PredictorForm｜Name：trkbZoomValue｜Type：System.Windows.Forms.TrackBar｜Event：ValueChanged｜Result：45｜
2022-06-10 17:09:12.795 | Debug | Owner：PredictorForm｜Name：trkbZoomValue｜Type：System.Windows.Forms.TrackBar｜Event：ValueChanged｜Result：46｜
2022-06-10 17:09:12.836 | Debug | Owner：PredictorForm｜Name：trkbZoomValue｜Type：System.Windows.Forms.TrackBar｜Event：ValueChanged｜Result：47｜
2022-06-10 17:09:13.153 | Debug | Owner：PredictorForm｜Name：cboZoomValue｜Type：System.Windows.Forms.ComboBox｜Event：SelectedIndexChanged｜Result：200｜
2022-06-10 17:09:13.173 | Debug | Owner：PredictorForm｜Name：trkbZoomValue｜Type：System.Windows.Forms.TrackBar｜Event：ValueChanged｜Result：45｜
2022-06-10 17:09:16.764 | Debug | Owner：PredictorForm｜Name：cboZoomValue｜Type：System.Windows.Forms.ComboBox｜Event：SelectedIndexChanged｜Result：125｜
2022-06-10 17:09:16.810 | Debug | Owner：PredictorForm｜Name：trkbZoomValue｜Type：System.Windows.Forms.TrackBar｜Event：ValueChanged｜Result：36｜
2022-06-10 17:09:18.650 | Debug | Owner：PredictorForm｜Name：btnDefaultThres｜Type：EZAITool.Util.DITToolBox.RoundedButton｜Event：Click｜
2022-06-10 17:09:18.734 | Debug | Owner：PredictorForm｜Name：cbbVerifyClass｜Type：System.Windows.Forms.ComboBox｜Event：SelectedIndexChanged｜Result：All｜
2022-06-10 17:09:18.761 | Debug | Owner：PredictorForm｜Name：btnApply｜Type：EZAITool.Util.DITToolBox.RoundedButton｜Event：Click｜
2022-06-10 17:09:28.556 | Debug | Owner：PredictorForm｜Name：cbbVerifyClass｜Type：System.Windows.Forms.ComboBox｜Event：SelectedIndexChanged｜Result：OK｜
2022-06-10 17:09:35.100 | Debug | Owner：PredictorForm｜Name：cboZoomValue｜Type：System.Windows.Forms.ComboBox｜Event：SelectedIndexChanged｜Result：100｜
2022-06-10 17:09:35.127 | Debug | Owner：PredictorForm｜Name：trkbZoomValue｜Type：System.Windows.Forms.TrackBar｜Event：ValueChanged｜Result：33｜
2022-06-10 17:09:35.399 | Debug | Owner：PredictorForm｜Name：btnDelete｜Type：DITWinformControlPack.Component.Button.DITButton｜Event：Click｜
2022-06-10 17:09:46.400 | Debug | Owner：PredictorForm｜Name：btnLoadImages｜Type：DITWinformControlPack.Component.Button.DITButton｜Event：Click｜
2022-06-10 17:09:47.381 | Debug | Owner：PredictorForm｜Name：btnRun｜Type：EZAITool.Util.DITToolBox.RoundedButton｜Event：Click｜
2022-06-10 17:10:03.998 | Debug | Owner：PredictorForm｜Name：cboZoomValue｜Type：System.Windows.Forms.ComboBox｜Event：SelectedIndexChanged｜Result：100｜
2022-06-10 17:10:10.710 | Debug | Owner：PredictorForm｜Name：chkSelected｜Type：System.Windows.Forms.CheckBox｜Event：CheckedChanged｜Result：False｜
2022-06-10 17:10:11.254 | Debug | Owner：PredictorForm｜Name：chkSelected｜Type：System.Windows.Forms.CheckBox｜Event：CheckedChanged｜Result：True｜
2022-06-10 17:10:18.426 | Debug | Owner：PredictorForm｜Name：btnLoadModel｜Type：DITWinformControlPack.Component.Button.DITButton｜Event：Click｜
2022-06-10 17:10:24.819 | Debug | Owner：PredictorForm｜Name：btnLoadImages｜Type：DITWinformControlPack.Component.Button.DITButton｜Event：Click｜
2022-06-10 17:10:29.228 | Debug | Owner：PredictorForm｜Name：btnRun｜Type：EZAITool.Util.DITToolBox.RoundedButton｜Event：Click｜
2022-06-10 17:10:40.924 | Debug | Owner：PredictorForm｜Name：btnApply｜Type：EZAITool.Util.DITToolBox.RoundedButton｜Event：Click｜
2022-06-10 17:10:56.620 | Debug | Owner：PredictorForm｜Name：btnRun｜Type：EZAITool.Util.DITToolBox.RoundedButton｜Event：Click｜
2022-06-10 17:11:19.877 | Debug | Owner：PredictorForm｜Name：btnExport｜Type：System.Windows.Forms.Button｜Event：Click｜
2022-06-10 17:11:21.022 | Debug | Owner：PredictorForm｜Name：cboZoomValue｜Type：System.Windows.Forms.ComboBox｜Event：SelectedIndexChanged｜Result：80｜
2022-06-10 17:11:21.168 | Debug | Owner：PredictorForm｜Name：trkbZoomValue｜Type：System.Windows.Forms.TrackBar｜Event：ValueChanged｜Result：27｜
2022-06-10 17:12:12.169 | Debug | Owner：VerifierForm｜Name：comboBoxDisplayClass｜Type：System.Windows.Forms.ComboBox｜Event：SelectedIndexChanged｜Result：All｜
2022-06-10 17:12:13.201 | Debug | Owner：VerifierForm｜Name：cbbVerifyClass｜Type：System.Windows.Forms.ComboBox｜Event：SelectedIndexChanged｜Result：All｜
2022-06-10 17:12:13.208 | Debug | Owner：VerifierForm｜Name：btnDefaultThres｜Type：EZAITool.Util.DITToolBox.RoundedButton｜Event：Click｜
2022-06-10 17:12:13.294 | Debug | Owner：VerifierForm｜Name：cbbVerifyClass｜Type：System.Windows.Forms.ComboBox｜Event：SelectedIndexChanged｜Result：All｜
2022-06-10 17:12:13.298 | Debug | Owner：VerifierForm｜Name：btnApply｜Type：EZAITool.Util.DITToolBox.RoundedButton｜Event：Click｜
2022-06-10 17:12:15.021 | Debug | Owner：VerifierForm｜Name：cboZoomValue｜Type：System.Windows.Forms.ComboBox｜Event：SelectedIndexChanged｜Result：70｜
2022-06-10 17:12:15.021 | Debug | Owner：VerifierForm｜Name：trkbZoomValue｜Type：System.Windows.Forms.TrackBar｜Event：ValueChanged｜Result：24｜
2022-06-10 17:12:15.035 | Debug | Owner：VerifierForm｜Name：cboZoomValue｜Type：System.Windows.Forms.ComboBox｜Event：SelectedIndexChanged｜Result：70｜
2022-06-10 17:12:15.035 | Debug | Owner：VerifierForm｜Name：trkbZoomValue｜Type：System.Windows.Forms.TrackBar｜Event：ValueChanged｜Result：24｜
2022-06-10 17:12:15.064 | Debug | Owner：VerifierForm｜Name：comboBoxTask｜Type：System.Windows.Forms.ComboBox｜Event：SelectedIndexChanged｜Result：Task0｜
2022-06-10 17:12:15.103 | Debug | Owner：VerifierForm｜Name：cboOptionalFilter｜Type：System.Windows.Forms.ComboBox｜Event：SelectedIndexChanged｜Result：All｜
2022-06-10 17:12:30.996 | Debug | Owner：VerifierForm｜Name：btnApply｜Type：EZAITool.Util.DITToolBox.RoundedButton｜Event：Click｜
2022-06-10 17:12:49.702 | Debug | Owner：VerifierForm｜Name：cboZoomValue｜Type：System.Windows.Forms.ComboBox｜Event：SelectedIndexChanged｜Result：100｜
2022-06-10 17:12:49.867 | Debug | Owner：VerifierForm｜Name：trkbZoomValue｜Type：System.Windows.Forms.TrackBar｜Event：ValueChanged｜Result：33｜
2022-06-10 17:12:49.883 | Debug | Owner：VerifierForm｜Name：cboZoomValue｜Type：System.Windows.Forms.ComboBox｜Event：SelectedIndexChanged｜Result：100｜
2022-06-10 17:12:49.932 | Debug | Owner：VerifierForm｜Name：trkbZoomValue｜Type：System.Windows.Forms.TrackBar｜Event：ValueChanged｜Result：33｜
2022-06-10 17:13:02.954 | Debug | Owner：VerifierForm｜Name：comboBoxDisplayClass｜Type：System.Windows.Forms.ComboBox｜Event：SelectedIndexChanged｜Result：All｜
2022-06-10 17:13:03.766 | Debug | Owner：VerifierForm｜Name：cboOptionalFilter｜Type：System.Windows.Forms.ComboBox｜Event：SelectedIndexChanged｜Result：All｜
2022-06-10 17:13:35.061 | Debug | Owner：PrjManagerForm｜Name：btnSelectProjectType｜Type：DITWinformControlPack.Component.Button.DITButton｜Event：Click｜
2022-06-10 17:13:40.778 | Debug | Owner：PrjManagerForm｜Name：btnSelectProjectType｜Type：DITWinformControlPack.Component.Button.DITButton｜Event：Click｜
